<?xml version="1.0" encoding="UTF-8"?>
<!-- Generated by org.testng.reporters.JUnitXMLReporter -->
<testsuite hostname="P11-AS-43V5LC2" ignored="0" name="IPhone Price Comaparator " tests="2" failures="1" timestamp="25 Feb 2020 05:58:45 GMT" time="18.797" errors="0">
  <testcase name="homepageTripAdvisor" time="0.087" classname="com.uthej.testcases.Tripadvisor">
    <failure type="java.lang.AssertionError" message="expected [Tripadvisor Official Site] but found [Tripadvisor Official Site‎]">
      <![CDATA[java.lang.AssertionError: expected [Tripadvisor Official Site] but found [Tripadvisor Official Site‎]
	at com.uthej.testcases.Tripadvisor.homepageTripAdvisor(Tripadvisor.java:28)
... Removed 31 stack frames]]>
    </failure>
  </testcase> <!-- homepageTripAdvisor -->
  <testcase name="enterNameSearchBox" time="0.001" classname="com.uthej.testcases.Tripadvisor"/>
</testsuite> <!-- IPhone Price Comaparator  -->
