<?xml version="1.0" encoding="UTF-8"?>
<!-- Generated by org.testng.reporters.JUnitXMLReporter -->
<testsuite hostname="P11-AS-43V5LC2" ignored="0" name="IPhone Price Comaparator " tests="4" failures="1" timestamp="19 Feb 2020 09:22:19 GMT" time="32.468" errors="0">
  <testcase name="loginPageTitleTest" time="0.028" classname="com.uthej.testcases.IphoneSearch"/>
  <testcase name="enterNameSearchBox" time="10.863" classname="com.uthej.testcases.IphoneSearch"/>
  <testcase name="clicksearchbutton" time="2.867" classname="com.uthej.testcases.IphoneSearch"/>
  <testcase name="getPrice" time="10.003" classname="com.uthej.testcases.IphoneSearch">
    <failure type="java.lang.NullPointerException">
      <![CDATA[java.lang.NullPointerException
	at com.uthej.pages.NavigatedPageAmazon.iphone(NavigatedPageAmazon.java:16)
	at com.uthej.testcases.IphoneSearch.getPrice(IphoneSearch.java:55)
... Removed 25 stack frames]]>
    </failure>
  </testcase> <!-- getPrice -->
</testsuite> <!-- IPhone Price Comaparator  -->
