<?xml version="1.0" encoding="UTF-8"?>
<testng-results skipped="0" failed="0" ignored="0" total="8" passed="8">
  <reporter-output>
  </reporter-output>
  <suite name="Default suite" duration-ms="82886" started-at="2020-02-25T17:32:24Z" finished-at="2020-02-25T17:33:47Z">
    <groups>
    </groups>
    <test name="Default test" duration-ms="82886" started-at="2020-02-25T17:32:24Z" finished-at="2020-02-25T17:33:47Z">
      <class name="com.uthej.testcases.Tripadvisor">
        <test-method status="PASS" signature="setUp()[pri:0, instance:com.uthej.testcases.Tripadvisor@5b275dab]" name="setUp" is-config="true" duration-ms="38409" started-at="2020-02-25T23:02:24Z" finished-at="2020-02-25T23:03:02Z">
          <reporter-output>
          </reporter-output>
        </test-method> <!-- setUp -->
        <test-method status="PASS" signature="homepageTripAdvisor()[pri:1, instance:com.uthej.testcases.Tripadvisor@5b275dab]" name="homepageTripAdvisor" duration-ms="65" started-at="2020-02-25T23:03:02Z" finished-at="2020-02-25T23:03:02Z">
          <reporter-output>
          </reporter-output>
        </test-method> <!-- homepageTripAdvisor -->
        <test-method status="PASS" signature="enterNameSearchBox()[pri:2, instance:com.uthej.testcases.Tripadvisor@5b275dab]" name="enterNameSearchBox" duration-ms="7030" started-at="2020-02-25T23:03:02Z" finished-at="2020-02-25T23:03:09Z">
          <reporter-output>
          </reporter-output>
        </test-method> <!-- enterNameSearchBox -->
        <test-method status="PASS" signature="navigatefirst()[pri:3, instance:com.uthej.testcases.Tripadvisor@5b275dab]" name="navigatefirst" duration-ms="14121" started-at="2020-02-25T23:03:09Z" finished-at="2020-02-25T23:03:23Z">
          <reporter-output>
          </reporter-output>
        </test-method> <!-- navigatefirst -->
        <test-method status="PASS" signature="Review()[pri:4, instance:com.uthej.testcases.Tripadvisor@5b275dab]" name="Review" duration-ms="469" started-at="2020-02-25T23:03:23Z" finished-at="2020-02-25T23:03:24Z">
          <reporter-output>
          </reporter-output>
        </test-method> <!-- Review -->
        <test-method status="PASS" signature="rating()[pri:5, instance:com.uthej.testcases.Tripadvisor@5b275dab]" name="rating" duration-ms="16727" started-at="2020-02-25T23:03:24Z" finished-at="2020-02-25T23:03:41Z">
          <reporter-output>
          </reporter-output>
        </test-method> <!-- rating -->
        <test-method status="PASS" signature="title()[pri:6, instance:com.uthej.testcases.Tripadvisor@5b275dab]" name="title" duration-ms="5334" started-at="2020-02-25T23:03:41Z" finished-at="2020-02-25T23:03:46Z">
          <reporter-output>
          </reporter-output>
        </test-method> <!-- title -->
        <test-method status="PASS" signature="hotelrating()[pri:7, instance:com.uthej.testcases.Tripadvisor@5b275dab]" name="hotelrating" duration-ms="351" started-at="2020-02-25T23:03:46Z" finished-at="2020-02-25T23:03:46Z">
          <reporter-output>
          </reporter-output>
        </test-method> <!-- hotelrating -->
        <test-method status="PASS" signature="submit()[pri:8, instance:com.uthej.testcases.Tripadvisor@5b275dab]" name="submit" duration-ms="329" started-at="2020-02-25T23:03:46Z" finished-at="2020-02-25T23:03:47Z">
          <reporter-output>
          </reporter-output>
        </test-method> <!-- submit -->
      </class> <!-- com.uthej.testcases.Tripadvisor -->
    </test> <!-- Default test -->
  </suite> <!-- Default suite -->
</testng-results>
